<?xml version="1.0" encoding="UTF-8"?>
<testsuite xmlns:xsi="http://www.w3.org/2001/XMLSchema-instance" xsi:noNamespaceSchemaLocation="https://maven.apache.org/surefire/maven-surefire-plugin/xsd/surefire-test-report.xsd" version="3.0.2" name="com.guvi.entity.EntityMappingDataJpaTest" time="2.341" tests="3" errors="0" skipped="0" failures="0">
  <properties>
[...]
</properties>
  <testcase name="shouldEnforceUniqueSubscriberEmailPerMailingList" classname="com.guvi.entity.EntityMappingDataJpaTest" time="0.257">
    <system-out><![CDATA[17:51:11.468 [main] INFO org.springframework.test.context.support.AnnotationConfigContextLoaderUtils -- Could not detect default configuration classes for test class [com.guvi.entity.EntityMappingDataJpaTest]: EntityMappingDataJpaTest does not declare any static, non-private, non-final, nested classes annotated with @Configuration.
17:51:11.519 [main] INFO org.springframework.boot.test.context.SpringBootTestContextBootstrapper -- Found @SpringBootConfiguration com.guvi.NewsletterEmailCampaign for test class com.guvi.entity.EntityMappingDataJpaTest

  .   ____          _            __ _ _
 /\\ / ___'_ __ _ _(_)_ __  __ _ \ \ \ \
( ( )\___ | '_ | '_| | '_ \/ _` | \ \ \ \
 \\/  ___)| |_)| | | | | || (_| |  ) ) ) )
  '  |____| .__|_| |_|_| |_\__, | / / / /
 =========|_|==============|___/=/_/_/_/

 :: Spring Boot ::                (v4.0.1)

2026-05-10T17:51:11.667+05:30  INFO 81525 --- [           main] c.guvi.entity.EntityMappingDataJpaTest   : Starting EntityMappingDataJpaTest using Java 25 with PID 81525 (started by 24481104tr in /Users/24481104tr/Thiru/Java_Projects/Guvi-mini-projects/newsletter-email-campaign)
2026-05-10T17:51:11.668+05:30  INFO 81525 --- [           main] c.guvi.entity.EntityMappingDataJpaTest   : No active profile set, falling back to 1 default profile: "default"
2026-05-10T17:51:11.999+05:30  INFO 81525 --- [           main] .s.d.r.c.RepositoryConfigurationDelegate : Bootstrapping Spring Data JPA repositories in DEFAULT mode.
2026-05-10T17:51:12.023+05:30  INFO 81525 --- [           main] .s.d.r.c.RepositoryConfigurationDelegate : Finished Spring Data repository scanning in 20 ms. Found 5 JPA repository interfaces.
2026-05-10T17:51:12.204+05:30  INFO 81525 --- [           main] org.hibernate.orm.jpa                    : HHH008540: Processing PersistenceUnitInfo [name: default]
2026-05-10T17:51:12.228+05:30  INFO 81525 --- [           main] org.hibernate.orm.core                   : HHH000001: Hibernate ORM core version 7.2.0.Final
2026-05-10T17:51:12.397+05:30  INFO 81525 --- [           main] o.s.o.j.p.SpringPersistenceUnitInfo      : No LoadTimeWeaver setup: ignoring JPA class transformer
2026-05-10T17:51:12.411+05:30  INFO 81525 --- [           main] com.zaxxer.hikari.HikariDataSource       : HikariPool-1 - Starting...
2026-05-10T17:51:12.486+05:30  INFO 81525 --- [           main] com.zaxxer.hikari.pool.HikariPool        : HikariPool-1 - Added connection conn0: url=jdbc:h2:mem:newsletter_test user=SA
2026-05-10T17:51:12.487+05:30  INFO 81525 --- [           main] com.zaxxer.hikari.HikariDataSource       : HikariPool-1 - Start completed.
2026-05-10T17:51:12.516+05:30  INFO 81525 --- [           main] org.hibernate.orm.connections.pooling    : HHH10001005: Database info:
	Database JDBC URL [jdbc:h2:mem:newsletter_test]
	Database driver: H2 JDBC Driver
	Database dialect: H2Dialect
	Database version: 2.4.240
	Default catalog/schema: NEWSLETTER_TEST/PUBLIC
	Autocommit mode: undefined/unknown
	Isolation level: READ_COMMITTED [default READ_COMMITTED]
	JDBC fetch size: 100
	Pool: DataSourceConnectionProvider
	Minimum pool size: undefined/unknown
	Maximum pool size: undefined/unknown
2026-05-10T17:51:12.925+05:30  INFO 81525 --- [           main] org.hibernate.orm.core                   : HHH000489: No JTA platform available (set 'hibernate.transaction.jta.platform' to enable JTA platform integration)
2026-05-10T17:51:12.950+05:30  INFO 81525 --- [           main] j.LocalContainerEntityManagerFactoryBean : Initialized JPA EntityManagerFactory for persistence unit 'default'
2026-05-10T17:51:13.001+05:30  INFO 81525 --- [           main] o.s.d.j.r.query.QueryEnhancerFactories   : Hibernate is in classpath; If applicable, HQL parser will be used.
2026-05-10T17:51:13.088+05:30  INFO 81525 --- [           main] r$InitializeUserDetailsManagerConfigurer : Global AuthenticationManager configured with UserDetailsService bean with name customUserDetailsService
2026-05-10T17:51:13.199+05:30  WARN 81525 --- [           main] JpaBaseConfiguration$JpaWebConfiguration : spring.jpa.open-in-view is enabled by default. Therefore, database queries may be performed during view rendering. Explicitly configure spring.jpa.open-in-view to disable this warning
2026-05-10T17:51:13.492+05:30  INFO 81525 --- [   scheduling-1] com.guvi.scheduler.CampaignScheduler     : [SCHEDULER] Tick at 2026-05-10 17:51:13 — checking for due campaigns...
2026-05-10T17:51:13.492+05:30  INFO 81525 --- [           main] c.guvi.entity.EntityMappingDataJpaTest   : Started EntityMappingDataJpaTest in 1.926 seconds (process running for 2.492)
2026-05-10T17:51:13.493+05:30  WARN 81525 --- [           main] o.s.core.events.SpringDocAppInitializer  : SpringDoc /v3/api-docs endpoint is enabled by default. To disable it in production, set the property 'springdoc.api-docs.enabled=false'
2026-05-10T17:51:13.494+05:30  WARN 81525 --- [           main] o.s.core.events.SpringDocAppInitializer  : SpringDoc /swagger-ui.html endpoint is enabled by default. To disable it in production, set the property 'springdoc.swagger-ui.enabled=false'
2026-05-10T17:51:13.752+05:30  WARN 81525 --- [           main] org.hibernate.orm.jdbc.error             : HHH000247: ErrorCode: 23505, SQLState: 23505
2026-05-10T17:51:13.752+05:30  WARN 81525 --- [           main] org.hibernate.orm.jdbc.error             : Unique index or primary key violation: "PUBLIC.CONSTRAINT_B2 INDEX PUBLIC.CONSTRAINT_INDEX_B ON PUBLIC.SUBSCRIBERS(MAILING_LIST_ID NULLS FIRST, EMAIL NULLS FIRST) VALUES ( /* key:1 */ CAST(1 AS BIGINT), 'bob@example.com')"; SQL statement:
insert into subscribers (created_at,email,mailing_list_id,name,id) values (?,?,?,?,default) [23505-240]
]]></system-out>
    <system-err><![CDATA[Mockito is currently self-attaching to enable the inline-mock-maker. This will no longer work in future releases of the JDK. Please add Mockito as an agent to your build as described in Mockito's documentation: https://javadoc.io/doc/org.mockito/mockito-core/latest/org.mockito/org/mockito/Mockito.html#0.3
WARNING: A Java agent has been loaded dynamically (/Users/24481104tr/.m2/repository/net/bytebuddy/byte-buddy-agent/1.17.8/byte-buddy-agent-1.17.8.jar)
WARNING: If a serviceability tool is in use, please run with -XX:+EnableDynamicAgentLoading to hide this warning
WARNING: If a serviceability tool is not in use, please run with -Djdk.instrument.traceUsage for more information
WARNING: Dynamic loading of agents will be disallowed by default in a future release
]]></system-err>
  </testcase>
  <testcase name="shouldEnforceUniqueMailingListNamePerUser" classname="com.guvi.entity.EntityMappingDataJpaTest" time="0.003">
    <system-out><![CDATA[2026-05-10T17:51:13.758+05:30  WARN 81525 --- [           main] org.hibernate.orm.jdbc.error             : HHH000247: ErrorCode: 23505, SQLState: 23505
2026-05-10T17:51:13.758+05:30  WARN 81525 --- [           main] org.hibernate.orm.jdbc.error             : Unique index or primary key violation: "PUBLIC.CONSTRAINT_EC INDEX PUBLIC.CONSTRAINT_INDEX_E ON PUBLIC.MAILING_LISTS(USER_ID NULLS FIRST, NAME NULLS FIRST) VALUES ( /* key:2 */ CAST(2 AS BIGINT), 'Offers')"; SQL statement:
insert into mailing_lists (created_at,description,name,updated_at,user_id,id) values (?,?,?,?,?,default) [23505-240]
]]></system-out>
  </testcase>
  <testcase name="shouldPersistAndResolveAllEntityRelationships" classname="com.guvi.entity.EntityMappingDataJpaTest" time="0.017"/>
</testsuite>